2025-03-29 18:52:22.078 [main] INFO  [StartupInfoLogger.java:53] com.aadi.logeg.LogegApplication - Starting LogegApplication using Java 17.0.8 with PID 18000 (C:\Users\mancheka\Downloads\logeg\target\classes started by mancheka in C:\Users\mancheka\Downloads\logeg)
2025-03-29 18:52:22.081 [main] INFO  [SpringApplication.java:652] com.aadi.logeg.LogegApplication - No active profile set, falling back to 1 default profile: "default"
2025-03-29 18:52:22.526 [main] INFO  [StartupInfoLogger.java:59] com.aadi.logeg.LogegApplication - Started LogegApplication in 0.825 seconds (process running for 1.329)
2025-03-29 18:52:22.529 [main] INFO  [JustLog.java:13] com.aadi.logeg.JustLog - This is a log message from JustLog class.
2025-03-29 18:52:22.529 [main] ERROR [JustLog.java:16] com.aadi.logeg.JustLog - This is an error message from JustLog class.
2025-03-29 18:52:22.530 [main] WARN  [JustLog.java:22] com.aadi.logeg.JustLog - This is a warning message from JustLog class.
2025-03-29 18:52:22.530 [main] FATAL [JustLog.java:28] com.aadi.logeg.JustLog - This is a fatal message from JustLog class.
2025-03-29 18:52:22.533 [Thread-1] INFO  [JustLog.java:32] com.aadi.logeg.JustLog - This is a log message from a thread.



2025-03-29 19:11:28.838 [main           ] INFO  [InfoLogger.java:53] com.aadi.logeg.LogegApplication - Starting LogegApplication using Java 17.0.8 with PID 9684 (C:\Users\mancheka\Downloads\logeg\target\classes started by mancheka in C:\Users\mancheka\Downloads\logeg)
2025-03-29 19:11:28.841 [main           ] INFO  [pplication.java:652] com.aadi.logeg.LogegApplication - No active profile set, falling back to 1 default profile: "default"
2025-03-29 19:11:29.213 [main           ] INFO  [InfoLogger.java:59] com.aadi.logeg.LogegApplication - Started LogegApplication in 0.69 seconds (process running for 1.236)
2025-03-29 19:11:29.216 [main           ] INFO  [JustLog.java   :13] com.aadi.logeg.JustLog - This is a log message from JustLog class.
2025-03-29 19:11:29.216 [main           ] ERROR [JustLog.java   :16] com.aadi.logeg.JustLog - This is an error message from JustLog class.
2025-03-29 19:11:29.216 [main           ] WARN  [JustLog.java   :22] com.aadi.logeg.JustLog - This is a warning message from JustLog class.
2025-03-29 19:11:29.216 [main           ] FATAL [JustLog.java   :28] com.aadi.logeg.JustLog - This is a fatal message from JustLog class.
2025-03-29 19:11:29.218 [Thread-1       ] INFO  [JustLog.java   :32] com.aadi.logeg.JustLog - This is a log message from a thread.

2025-03-29 19:12:44.488 [main      ] INFO  [InfoLogger.java:53  ] com.aadi.logeg.LogegApplication - Starting LogegApplication using Java 17.0.8 with PID 1208 (C:\Users\mancheka\Downloads\logeg\target\classes started by mancheka in C:\Users\mancheka\Downloads\logeg)
2025-03-29 19:12:44.492 [main      ] INFO  [pplication.java:652 ] com.aadi.logeg.LogegApplication - No active profile set, falling back to 1 default profile: "default"
2025-03-29 19:12:44.940 [main      ] INFO  [InfoLogger.java:59  ] com.aadi.logeg.LogegApplication - Started LogegApplication in 0.749 seconds (process running for 1.278)
2025-03-29 19:12:44.946 [main      ] INFO  [JustLog.java   :13  ] com.aadi.logeg.JustLog - This is a log message from JustLog class.
2025-03-29 19:12:44.946 [main      ] ERROR [JustLog.java   :16  ] com.aadi.logeg.JustLog - This is an error message from JustLog class.
2025-03-29 19:12:44.946 [main      ] WARN  [JustLog.java   :22  ] com.aadi.logeg.JustLog - This is a warning message from JustLog class.
2025-03-29 19:12:44.946 [main      ] FATAL [JustLog.java   :28  ] com.aadi.logeg.JustLog - This is a fatal message from JustLog class.
2025-03-29 19:12:44.949 [Thread-1  ] INFO  [JustLog.java   :32  ] com.aadi.logeg.JustLog - This is a log message from a thread.


2025-03-29 19:14:05.982 [main] INFO  [StartupInfoLogger.java:53] com.aadi.logeg.LogegApplication - Starting LogegApplication using Java 17.0.8 with PID 16348 (C:\Users\mancheka\Downloads\logeg\target\classes started by mancheka in C:\Users\mancheka\Downloads\logeg)
2025-03-29 19:14:05.992 [main] INFO  [SpringApplication.java:652] com.aadi.logeg.LogegApplication - No active profile set, falling back to 1 default profile: "default"
2025-03-29 19:14:06.428 [main] INFO  [StartupInfoLogger.java:59] com.aadi.logeg.LogegApplication - Started LogegApplication in 0.777 seconds (process running for 1.318)
2025-03-29 19:14:06.431 [main] INFO  [JustLog.java:13] com.aadi.logeg.JustLog - This is a log message from JustLog class.
2025-03-29 19:14:06.431 [main] ERROR [JustLog.java:16] com.aadi.logeg.JustLog - This is an error message from JustLog class.
2025-03-29 19:14:06.431 [main] WARN  [JustLog.java:22] com.aadi.logeg.JustLog - This is a warning message from JustLog class.
2025-03-29 19:14:06.431 [main] FATAL [JustLog.java:28] com.aadi.logeg.JustLog - This is a fatal message from JustLog class.
2025-03-29 19:14:06.433 [Thread-1] INFO  [JustLog.java:32] com.aadi.logeg.JustLog - This is a log message from a thread.
